<?xml version="1.0" encoding="UTF-8"?>
<!-- Generated by org.testng.reporters.JUnitXMLReporter -->
<testsuite ignored="0" hostname="Nayans-MacBook-Pro.local" failures="2" tests="3" name="Default test" time="44.042" errors="0" timestamp="2026-02-19T12:37:56 IST">
  <testcase classname="tests.LoginTest2" name="loginTest1" time="26.365">
    <failure type="com.microsoft.playwright.PlaywrightException" message="Error {
  message=&amp;apos;selector: expected string, got undefined
  name=&amp;apos;Error
  stack=&amp;apos;Error: selector: expected string, got undefined
    at tString (/private/var/folders/dt/_q7cs02x0hjbdstmjkpmhd1m0000gn/T/playwright-java-1542147599999229010/package/lib/protocol/validatorPrimitives.js:88:9)
    at /private/var/folders/dt/_q7cs02x0hjbdstmjkpmhd1m0000gn/T/playwright-java-1542147599999229010/package/lib/protocol/validatorPrimitives.js:140:21
    at DispatcherConnection.dispatch (/private/var/folders/dt/_q7cs02x0hjbdstmjkpmhd1m0000gn/T/playwright-java-1542147599999229010/package/lib/server/dispatchers/dispatcher.js:264:21)
    at transport.onmessage (/private/var/folders/dt/_q7cs02x0hjbdstmjkpmhd1m0000gn/T/playwright-java-1542147599999229010/package/lib/cli/driver.js:53:59)
    at Immediate._onImmediate (/private/var/folders/dt/_q7cs02x0hjbdstmjkpmhd1m0000gn/T/playwright-java-1542147599999229010/package/lib/server/utils/pipeTransport.js:76:16)
    at process.processImmediate (node:internal/timers:504:21)
}">
      <![CDATA[com.microsoft.playwright.PlaywrightException: Error {
  message='selector: expected string, got undefined
  name='Error
  stack='Error: selector: expected string, got undefined
    at tString (/private/var/folders/dt/_q7cs02x0hjbdstmjkpmhd1m0000gn/T/playwright-java-1542147599999229010/package/lib/protocol/validatorPrimitives.js:88:9)
    at /private/var/folders/dt/_q7cs02x0hjbdstmjkpmhd1m0000gn/T/playwright-java-1542147599999229010/package/lib/protocol/validatorPrimitives.js:140:21
    at DispatcherConnection.dispatch (/private/var/folders/dt/_q7cs02x0hjbdstmjkpmhd1m0000gn/T/playwright-java-1542147599999229010/package/lib/server/dispatchers/dispatcher.js:264:21)
    at transport.onmessage (/private/var/folders/dt/_q7cs02x0hjbdstmjkpmhd1m0000gn/T/playwright-java-1542147599999229010/package/lib/cli/driver.js:53:59)
    at Immediate._onImmediate (/private/var/folders/dt/_q7cs02x0hjbdstmjkpmhd1m0000gn/T/playwright-java-1542147599999229010/package/lib/server/utils/pipeTransport.js:76:16)
    at process.processImmediate (node:internal/timers:504:21)
}
at com.microsoft.playwright.impl.WaitableResult.get(WaitableResult.java:56)
at com.microsoft.playwright.impl.ChannelOwner.runUntil(ChannelOwner.java:138)
at com.microsoft.playwright.impl.Connection.sendMessage(Connection.java:131)
at com.microsoft.playwright.impl.ChannelOwner.sendMessage(ChannelOwner.java:124)
at com.microsoft.playwright.impl.FrameImpl.clickImpl(FrameImpl.java:244)
at com.microsoft.playwright.impl.LocatorImpl.click(LocatorImpl.java:164)
at com.microsoft.playwright.Locator.click(Locator.java:2543)
at pages.HomePage.clickTimeLink(HomePage.java:25)
at tests.LoginTest2.loginTest1(LoginTest2.java:37)
at java.base/jdk.internal.reflect.DirectMethodHandleAccessor.invoke(DirectMethodHandleAccessor.java:103)
at java.base/java.lang.reflect.Method.invoke(Method.java:580)
at org.testng.internal.invokers.MethodInvocationHelper.invokeMethod(MethodInvocationHelper.java:141)
at org.testng.internal.invokers.TestInvoker.invokeMethod(TestInvoker.java:697)
at org.testng.internal.invokers.TestInvoker.invokeTestMethod(TestInvoker.java:230)
at org.testng.internal.invokers.MethodRunner.runInSequence(MethodRunner.java:63)
at org.testng.internal.invokers.TestInvoker$MethodInvocationAgent.invoke(TestInvoker.java:1005)
at org.testng.internal.invokers.TestInvoker.invokeTestMethods(TestInvoker.java:203)
at org.testng.internal.invokers.TestMethodWorker.invokeTestMethods(TestMethodWorker.java:154)
at org.testng.internal.invokers.TestMethodWorker.run(TestMethodWorker.java:134)
at java.base/java.util.ArrayList.forEach(ArrayList.java:1596)
at org.testng.TestRunner.privateRun(TestRunner.java:744)
at org.testng.TestRunner.run(TestRunner.java:616)
at org.testng.SuiteRunner.runTest(SuiteRunner.java:421)
at org.testng.SuiteRunner.runSequentially(SuiteRunner.java:413)
at org.testng.SuiteRunner.privateRun(SuiteRunner.java:373)
at org.testng.SuiteRunner.run(SuiteRunner.java:312)
at org.testng.SuiteRunnerWorker.runSuite(SuiteRunnerWorker.java:52)
at org.testng.SuiteRunnerWorker.run(SuiteRunnerWorker.java:95)
at org.testng.TestNG.runSuitesSequentially(TestNG.java:1274)
at org.testng.TestNG.runSuitesLocally(TestNG.java:1208)
at org.testng.TestNG.runSuites(TestNG.java:1112)
at org.testng.TestNG.run(TestNG.java:1079)
at org.testng.remote.AbstractRemoteTestNG.run(AbstractRemoteTestNG.java:115)
at org.testng.remote.RemoteTestNG.initAndRun(RemoteTestNG.java:293)
at org.testng.remote.RemoteTestNG.main(RemoteTestNG.java:91)
Caused by: com.microsoft.playwright.impl.DriverException: Error {
  message='selector: expected string, got undefined
  name='Error
  stack='Error: selector: expected string, got undefined
    at tString (/private/var/folders/dt/_q7cs02x0hjbdstmjkpmhd1m0000gn/T/playwright-java-1542147599999229010/package/lib/protocol/validatorPrimitives.js:88:9)
    at /private/var/folders/dt/_q7cs02x0hjbdstmjkpmhd1m0000gn/T/playwright-java-1542147599999229010/package/lib/protocol/validatorPrimitives.js:140:21
    at DispatcherConnection.dispatch (/private/var/folders/dt/_q7cs02x0hjbdstmjkpmhd1m0000gn/T/playwright-java-1542147599999229010/package/lib/server/dispatchers/dispatcher.js:264:21)
    at transport.onmessage (/private/var/folders/dt/_q7cs02x0hjbdstmjkpmhd1m0000gn/T/playwright-java-1542147599999229010/package/lib/cli/driver.js:53:59)
    at Immediate._onImmediate (/private/var/folders/dt/_q7cs02x0hjbdstmjkpmhd1m0000gn/T/playwright-java-1542147599999229010/package/lib/server/utils/pipeTransport.js:76:16)
    at process.processImmediate (node:internal/timers:504:21)
}
at com.microsoft.playwright.impl.Connection.dispatch(Connection.java:262)
at com.microsoft.playwright.impl.Connection.processOneMessage(Connection.java:214)
at com.microsoft.playwright.impl.ChannelOwner.runUntil(ChannelOwner.java:136)
... 33 more
]]>
    </failure>
  </testcase> <!-- loginTest1 -->
  <testcase classname="tests.LoginTest2" name="loginTest2" time="0.001">
    <skipped/>
  </testcase> <!-- loginTest2 -->
  <testcase classname="tests.LoginTest2" name="loginTest3" time="6.005">
    <failure type="com.microsoft.playwright.TimeoutError" message="Error {
  message=&amp;apos;Timeout 4000ms exceeded.
  name=&amp;apos;TimeoutError
  stack=&amp;apos;TimeoutError: Timeout 4000ms exceeded.
    at ProgressController.run (/private/var/folders/dt/_q7cs02x0hjbdstmjkpmhd1m0000gn/T/playwright-java-1542147599999229010/package/lib/server/progress.js:86:28)
    at FrameDispatcher._runCommand (/private/var/folders/dt/_q7cs02x0hjbdstmjkpmhd1m0000gn/T/playwright-java-1542147599999229010/package/lib/server/dispatchers/dispatcher.js:91:31)
    at DispatcherConnection.dispatch (/private/var/folders/dt/_q7cs02x0hjbdstmjkpmhd1m0000gn/T/playwright-java-1542147599999229010/package/lib/server/dispatchers/dispatcher.js:325:39)
}
Call log:
-   - navigating to &amp;quot;https://opensource-demo.orangehrmlive.com/web/index.php/auth/login&amp;quot;, waiting until &amp;quot;load&amp;quot;
">
      <![CDATA[com.microsoft.playwright.TimeoutError: Error {
  message='Timeout 4000ms exceeded.
  name='TimeoutError
  stack='TimeoutError: Timeout 4000ms exceeded.
    at ProgressController.run (/private/var/folders/dt/_q7cs02x0hjbdstmjkpmhd1m0000gn/T/playwright-java-1542147599999229010/package/lib/server/progress.js:86:28)
    at FrameDispatcher._runCommand (/private/var/folders/dt/_q7cs02x0hjbdstmjkpmhd1m0000gn/T/playwright-java-1542147599999229010/package/lib/server/dispatchers/dispatcher.js:91:31)
    at DispatcherConnection.dispatch (/private/var/folders/dt/_q7cs02x0hjbdstmjkpmhd1m0000gn/T/playwright-java-1542147599999229010/package/lib/server/dispatchers/dispatcher.js:325:39)
}
Call log:
-   - navigating to "https://opensource-demo.orangehrmlive.com/web/index.php/auth/login", waiting until "load"

at com.microsoft.playwright.impl.WaitableResult.get(WaitableResult.java:52)
at com.microsoft.playwright.impl.ChannelOwner.runUntil(ChannelOwner.java:138)
at com.microsoft.playwright.impl.Connection.sendMessage(Connection.java:131)
at com.microsoft.playwright.impl.ChannelOwner.sendMessage(ChannelOwner.java:124)
at com.microsoft.playwright.impl.FrameImpl.navigateImpl(FrameImpl.java:429)
at com.microsoft.playwright.impl.PageImpl.navigate(PageImpl.java:929)
at com.microsoft.playwright.impl.PageImpl.navigate(PageImpl.java:43)
at com.microsoft.playwright.Page.navigate(Page.java:5504)
at tests.LoginTest2.loginTest3(LoginTest2.java:56)
at java.base/jdk.internal.reflect.DirectMethodHandleAccessor.invoke(DirectMethodHandleAccessor.java:103)
at java.base/java.lang.reflect.Method.invoke(Method.java:580)
at org.testng.internal.invokers.MethodInvocationHelper.invokeMethod(MethodInvocationHelper.java:141)
at org.testng.internal.invokers.TestInvoker.invokeMethod(TestInvoker.java:697)
at org.testng.internal.invokers.TestInvoker.invokeTestMethod(TestInvoker.java:230)
at org.testng.internal.invokers.MethodRunner.runInSequence(MethodRunner.java:63)
at org.testng.internal.invokers.TestInvoker$MethodInvocationAgent.invoke(TestInvoker.java:1005)
at org.testng.internal.invokers.TestInvoker.invokeTestMethods(TestInvoker.java:203)
at org.testng.internal.invokers.TestMethodWorker.invokeTestMethods(TestMethodWorker.java:154)
at org.testng.internal.invokers.TestMethodWorker.run(TestMethodWorker.java:134)
at java.base/java.util.ArrayList.forEach(ArrayList.java:1596)
at org.testng.TestRunner.privateRun(TestRunner.java:744)
at org.testng.TestRunner.run(TestRunner.java:616)
at org.testng.SuiteRunner.runTest(SuiteRunner.java:421)
at org.testng.SuiteRunner.runSequentially(SuiteRunner.java:413)
at org.testng.SuiteRunner.privateRun(SuiteRunner.java:373)
at org.testng.SuiteRunner.run(SuiteRunner.java:312)
at org.testng.SuiteRunnerWorker.runSuite(SuiteRunnerWorker.java:52)
at org.testng.SuiteRunnerWorker.run(SuiteRunnerWorker.java:95)
at org.testng.TestNG.runSuitesSequentially(TestNG.java:1274)
at org.testng.TestNG.runSuitesLocally(TestNG.java:1208)
at org.testng.TestNG.runSuites(TestNG.java:1112)
at org.testng.TestNG.run(TestNG.java:1079)
at org.testng.remote.AbstractRemoteTestNG.run(AbstractRemoteTestNG.java:115)
at org.testng.remote.RemoteTestNG.initAndRun(RemoteTestNG.java:293)
at org.testng.remote.RemoteTestNG.main(RemoteTestNG.java:91)
Caused by: com.microsoft.playwright.TimeoutError: Error {
  message='Timeout 4000ms exceeded.
  name='TimeoutError
  stack='TimeoutError: Timeout 4000ms exceeded.
    at ProgressController.run (/private/var/folders/dt/_q7cs02x0hjbdstmjkpmhd1m0000gn/T/playwright-java-1542147599999229010/package/lib/server/progress.js:86:28)
    at FrameDispatcher._runCommand (/private/var/folders/dt/_q7cs02x0hjbdstmjkpmhd1m0000gn/T/playwright-java-1542147599999229010/package/lib/server/dispatchers/dispatcher.js:91:31)
    at DispatcherConnection.dispatch (/private/var/folders/dt/_q7cs02x0hjbdstmjkpmhd1m0000gn/T/playwright-java-1542147599999229010/package/lib/server/dispatchers/dispatcher.js:325:39)
}
Call log:
-   - navigating to "https://opensource-demo.orangehrmlive.com/web/index.php/auth/login", waiting until "load"

at com.microsoft.playwright.impl.Connection.dispatch(Connection.java:257)
at com.microsoft.playwright.impl.Connection.processOneMessage(Connection.java:214)
at com.microsoft.playwright.impl.ChannelOwner.runUntil(ChannelOwner.java:136)
... 33 more
]]>
    </failure>
  </testcase> <!-- loginTest3 -->
</testsuite> <!-- Default test -->
