<?xml version="1.0" encoding="UTF-8"?>
<testng-results ignored="0" total="3" passed="0" failed="2" skipped="1">
  <reporter-output>
  </reporter-output>
  <suite started-at="2026-02-19T12:37:07 IST" name="Default suite" finished-at="2026-02-19T12:37:51 IST" duration-ms="44042">
    <groups>
    </groups>
    <test started-at="2026-02-19T12:37:07 IST" name="Default test" finished-at="2026-02-19T12:37:51 IST" duration-ms="44042">
      <class name="tests.LoginTest2">
        <test-method is-config="true" signature="setup(java.lang.reflect.Method)[pri:0, instance:tests.LoginTest2@5af3afd9]" started-at="2026-02-19T12:37:07 IST" name="setup" finished-at="2026-02-19T12:37:12 IST" duration-ms="4269" status="PASS">
          <params>
            <param index="0">
              <value>
                <![CDATA[public void tests.LoginTest2.loginTest1()]]>
              </value>
            </param>
          </params>
          <reporter-output>
          </reporter-output>
        </test-method> <!-- setup -->
        <test-method signature="loginTest1()[pri:0, instance:tests.LoginTest2@5af3afd9]" started-at="2026-02-19T12:37:12 IST" name="loginTest1" finished-at="2026-02-19T12:37:38 IST" duration-ms="26365" status="FAIL">
          <exception class="com.microsoft.playwright.PlaywrightException">
            <message>
              <![CDATA[Error {
  message='selector: expected string, got undefined
  name='Error
  stack='Error: selector: expected string, got undefined
    at tString (/private/var/folders/dt/_q7cs02x0hjbdstmjkpmhd1m0000gn/T/playwright-java-1542147599999229010/package/lib/protocol/validatorPrimitives.js:88:9)
    at /private/var/folders/dt/_q7cs02x0hjbdstmjkpmhd1m0000gn/T/playwright-java-1542147599999229010/package/lib/protocol/validatorPrimitives.js:140:21
    at DispatcherConnection.dispatch (/private/var/folders/dt/_q7cs02x0hjbdstmjkpmhd1m0000gn/T/playwright-java-1542147599999229010/package/lib/server/dispatchers/dispatcher.js:264:21)
    at transport.onmessage (/private/var/folders/dt/_q7cs02x0hjbdstmjkpmhd1m0000gn/T/playwright-java-1542147599999229010/package/lib/cli/driver.js:53:59)
    at Immediate._onImmediate (/private/var/folders/dt/_q7cs02x0hjbdstmjkpmhd1m0000gn/T/playwright-java-1542147599999229010/package/lib/server/utils/pipeTransport.js:76:16)
    at process.processImmediate (node:internal/timers:504:21)
}]]>
            </message>
            <full-stacktrace>
              <![CDATA[com.microsoft.playwright.PlaywrightException: Error {
  message='selector: expected string, got undefined
  name='Error
  stack='Error: selector: expected string, got undefined
    at tString (/private/var/folders/dt/_q7cs02x0hjbdstmjkpmhd1m0000gn/T/playwright-java-1542147599999229010/package/lib/protocol/validatorPrimitives.js:88:9)
    at /private/var/folders/dt/_q7cs02x0hjbdstmjkpmhd1m0000gn/T/playwright-java-1542147599999229010/package/lib/protocol/validatorPrimitives.js:140:21
    at DispatcherConnection.dispatch (/private/var/folders/dt/_q7cs02x0hjbdstmjkpmhd1m0000gn/T/playwright-java-1542147599999229010/package/lib/server/dispatchers/dispatcher.js:264:21)
    at transport.onmessage (/private/var/folders/dt/_q7cs02x0hjbdstmjkpmhd1m0000gn/T/playwright-java-1542147599999229010/package/lib/cli/driver.js:53:59)
    at Immediate._onImmediate (/private/var/folders/dt/_q7cs02x0hjbdstmjkpmhd1m0000gn/T/playwright-java-1542147599999229010/package/lib/server/utils/pipeTransport.js:76:16)
    at process.processImmediate (node:internal/timers:504:21)
}
at com.microsoft.playwright.impl.WaitableResult.get(WaitableResult.java:56)
at com.microsoft.playwright.impl.ChannelOwner.runUntil(ChannelOwner.java:138)
at com.microsoft.playwright.impl.Connection.sendMessage(Connection.java:131)
at com.microsoft.playwright.impl.ChannelOwner.sendMessage(ChannelOwner.java:124)
at com.microsoft.playwright.impl.FrameImpl.clickImpl(FrameImpl.java:244)
at com.microsoft.playwright.impl.LocatorImpl.click(LocatorImpl.java:164)
at com.microsoft.playwright.Locator.click(Locator.java:2543)
at pages.HomePage.clickTimeLink(HomePage.java:25)
at tests.LoginTest2.loginTest1(LoginTest2.java:37)
at java.base/jdk.internal.reflect.DirectMethodHandleAccessor.invoke(DirectMethodHandleAccessor.java:103)
at java.base/java.lang.reflect.Method.invoke(Method.java:580)
at org.testng.internal.invokers.MethodInvocationHelper.invokeMethod(MethodInvocationHelper.java:141)
at org.testng.internal.invokers.TestInvoker.invokeMethod(TestInvoker.java:697)
at org.testng.internal.invokers.TestInvoker.invokeTestMethod(TestInvoker.java:230)
at org.testng.internal.invokers.MethodRunner.runInSequence(MethodRunner.java:63)
at org.testng.internal.invokers.TestInvoker$MethodInvocationAgent.invoke(TestInvoker.java:1005)
at org.testng.internal.invokers.TestInvoker.invokeTestMethods(TestInvoker.java:203)
at org.testng.internal.invokers.TestMethodWorker.invokeTestMethods(TestMethodWorker.java:154)
at org.testng.internal.invokers.TestMethodWorker.run(TestMethodWorker.java:134)
at java.base/java.util.ArrayList.forEach(ArrayList.java:1596)
at org.testng.TestRunner.privateRun(TestRunner.java:744)
at org.testng.TestRunner.run(TestRunner.java:616)
at org.testng.SuiteRunner.runTest(SuiteRunner.java:421)
at org.testng.SuiteRunner.runSequentially(SuiteRunner.java:413)
at org.testng.SuiteRunner.privateRun(SuiteRunner.java:373)
at org.testng.SuiteRunner.run(SuiteRunner.java:312)
at org.testng.SuiteRunnerWorker.runSuite(SuiteRunnerWorker.java:52)
at org.testng.SuiteRunnerWorker.run(SuiteRunnerWorker.java:95)
at org.testng.TestNG.runSuitesSequentially(TestNG.java:1274)
at org.testng.TestNG.runSuitesLocally(TestNG.java:1208)
at org.testng.TestNG.runSuites(TestNG.java:1112)
at org.testng.TestNG.run(TestNG.java:1079)
at org.testng.remote.AbstractRemoteTestNG.run(AbstractRemoteTestNG.java:115)
at org.testng.remote.RemoteTestNG.initAndRun(RemoteTestNG.java:293)
at org.testng.remote.RemoteTestNG.main(RemoteTestNG.java:91)
Caused by: com.microsoft.playwright.impl.DriverException: Error {
  message='selector: expected string, got undefined
  name='Error
  stack='Error: selector: expected string, got undefined
    at tString (/private/var/folders/dt/_q7cs02x0hjbdstmjkpmhd1m0000gn/T/playwright-java-1542147599999229010/package/lib/protocol/validatorPrimitives.js:88:9)
    at /private/var/folders/dt/_q7cs02x0hjbdstmjkpmhd1m0000gn/T/playwright-java-1542147599999229010/package/lib/protocol/validatorPrimitives.js:140:21
    at DispatcherConnection.dispatch (/private/var/folders/dt/_q7cs02x0hjbdstmjkpmhd1m0000gn/T/playwright-java-1542147599999229010/package/lib/server/dispatchers/dispatcher.js:264:21)
    at transport.onmessage (/private/var/folders/dt/_q7cs02x0hjbdstmjkpmhd1m0000gn/T/playwright-java-1542147599999229010/package/lib/cli/driver.js:53:59)
    at Immediate._onImmediate (/private/var/folders/dt/_q7cs02x0hjbdstmjkpmhd1m0000gn/T/playwright-java-1542147599999229010/package/lib/server/utils/pipeTransport.js:76:16)
    at process.processImmediate (node:internal/timers:504:21)
}
at com.microsoft.playwright.impl.Connection.dispatch(Connection.java:262)
at com.microsoft.playwright.impl.Connection.processOneMessage(Connection.java:214)
at com.microsoft.playwright.impl.ChannelOwner.runUntil(ChannelOwner.java:136)
... 33 more
]]>
            </full-stacktrace>
          </exception> <!-- com.microsoft.playwright.PlaywrightException -->
          <reporter-output>
          </reporter-output>
        </test-method> <!-- loginTest1 -->
        <test-method is-config="true" signature="testdown(org.testng.ITestResult)[pri:0, instance:tests.LoginTest2@5af3afd9]" started-at="2026-02-19T12:37:38 IST" name="testdown" finished-at="2026-02-19T12:37:40 IST" duration-ms="1568" status="PASS">
          <params>
            <param index="0">
              <value>
                <![CDATA[[TestResult name=loginTest1 status=FAILURE method=LoginTest2.loginTest1()[pri:0, instance:tests.LoginTest2@5af3afd9] output={null}]]]>
              </value>
            </param>
          </params>
          <reporter-output>
          </reporter-output>
        </test-method> <!-- testdown -->
        <test-method is-config="true" signature="setup(java.lang.reflect.Method)[pri:0, instance:tests.LoginTest2@5af3afd9]" started-at="2026-02-19T12:37:40 IST" name="setup" finished-at="2026-02-19T12:37:41 IST" duration-ms="1829" status="PASS">
          <params>
            <param index="0">
              <value>
                <![CDATA[public void tests.LoginTest2.loginTest2()]]>
              </value>
            </param>
          </params>
          <reporter-output>
          </reporter-output>
        </test-method> <!-- setup -->
        <test-method signature="loginTest2()[pri:0, instance:tests.LoginTest2@5af3afd9]" started-at="2026-02-19T12:37:41 IST" name="loginTest2" finished-at="2026-02-19T12:37:41 IST" duration-ms="1" status="SKIP">
          <exception class="org.testng.SkipException">
            <message>
              <![CDATA[Skipping this test]]>
            </message>
            <full-stacktrace>
              <![CDATA[org.testng.SkipException: Skipping this test
at tests.LoginTest2.loginTest2(LoginTest2.java:47)
at java.base/jdk.internal.reflect.DirectMethodHandleAccessor.invoke(DirectMethodHandleAccessor.java:103)
at java.base/java.lang.reflect.Method.invoke(Method.java:580)
at org.testng.internal.invokers.MethodInvocationHelper.invokeMethod(MethodInvocationHelper.java:141)
at org.testng.internal.invokers.TestInvoker.invokeMethod(TestInvoker.java:697)
at org.testng.internal.invokers.TestInvoker.invokeTestMethod(TestInvoker.java:230)
at org.testng.internal.invokers.MethodRunner.runInSequence(MethodRunner.java:63)
at org.testng.internal.invokers.TestInvoker$MethodInvocationAgent.invoke(TestInvoker.java:1005)
at org.testng.internal.invokers.TestInvoker.invokeTestMethods(TestInvoker.java:203)
at org.testng.internal.invokers.TestMethodWorker.invokeTestMethods(TestMethodWorker.java:154)
at org.testng.internal.invokers.TestMethodWorker.run(TestMethodWorker.java:134)
at java.base/java.util.ArrayList.forEach(ArrayList.java:1596)
at org.testng.TestRunner.privateRun(TestRunner.java:744)
at org.testng.TestRunner.run(TestRunner.java:616)
at org.testng.SuiteRunner.runTest(SuiteRunner.java:421)
at org.testng.SuiteRunner.runSequentially(SuiteRunner.java:413)
at org.testng.SuiteRunner.privateRun(SuiteRunner.java:373)
at org.testng.SuiteRunner.run(SuiteRunner.java:312)
at org.testng.SuiteRunnerWorker.runSuite(SuiteRunnerWorker.java:52)
at org.testng.SuiteRunnerWorker.run(SuiteRunnerWorker.java:95)
at org.testng.TestNG.runSuitesSequentially(TestNG.java:1274)
at org.testng.TestNG.runSuitesLocally(TestNG.java:1208)
at org.testng.TestNG.runSuites(TestNG.java:1112)
at org.testng.TestNG.run(TestNG.java:1079)
at org.testng.remote.AbstractRemoteTestNG.run(AbstractRemoteTestNG.java:115)
at org.testng.remote.RemoteTestNG.initAndRun(RemoteTestNG.java:293)
at org.testng.remote.RemoteTestNG.main(RemoteTestNG.java:91)
]]>
            </full-stacktrace>
          </exception> <!-- org.testng.SkipException -->
          <reporter-output>
          </reporter-output>
        </test-method> <!-- loginTest2 -->
        <test-method is-config="true" signature="testdown(org.testng.ITestResult)[pri:0, instance:tests.LoginTest2@5af3afd9]" started-at="2026-02-19T12:37:41 IST" name="testdown" finished-at="2026-02-19T12:37:42 IST" duration-ms="270" status="PASS">
          <params>
            <param index="0">
              <value>
                <![CDATA[[TestResult name=loginTest2 status=SKIP method=LoginTest2.loginTest2()[pri:0, instance:tests.LoginTest2@5af3afd9] output={null}]]]>
              </value>
            </param>
          </params>
          <reporter-output>
          </reporter-output>
        </test-method> <!-- testdown -->
        <test-method is-config="true" signature="setup(java.lang.reflect.Method)[pri:0, instance:tests.LoginTest2@5af3afd9]" started-at="2026-02-19T12:37:42 IST" name="setup" finished-at="2026-02-19T12:37:43 IST" duration-ms="1692" status="PASS">
          <params>
            <param index="0">
              <value>
                <![CDATA[public void tests.LoginTest2.loginTest3()]]>
              </value>
            </param>
          </params>
          <reporter-output>
          </reporter-output>
        </test-method> <!-- setup -->
        <test-method signature="loginTest3()[pri:0, instance:tests.LoginTest2@5af3afd9]" started-at="2026-02-19T12:37:43 IST" name="loginTest3" finished-at="2026-02-19T12:37:49 IST" duration-ms="6005" status="FAIL">
          <exception class="com.microsoft.playwright.TimeoutError">
            <message>
              <![CDATA[Error {
  message='Timeout 4000ms exceeded.
  name='TimeoutError
  stack='TimeoutError: Timeout 4000ms exceeded.
    at ProgressController.run (/private/var/folders/dt/_q7cs02x0hjbdstmjkpmhd1m0000gn/T/playwright-java-1542147599999229010/package/lib/server/progress.js:86:28)
    at FrameDispatcher._runCommand (/private/var/folders/dt/_q7cs02x0hjbdstmjkpmhd1m0000gn/T/playwright-java-1542147599999229010/package/lib/server/dispatchers/dispatcher.js:91:31)
    at DispatcherConnection.dispatch (/private/var/folders/dt/_q7cs02x0hjbdstmjkpmhd1m0000gn/T/playwright-java-1542147599999229010/package/lib/server/dispatchers/dispatcher.js:325:39)
}
Call log:
-   - navigating to "https://opensource-demo.orangehrmlive.com/web/index.php/auth/login", waiting until "load"
]]>
            </message>
            <full-stacktrace>
              <![CDATA[com.microsoft.playwright.TimeoutError: Error {
  message='Timeout 4000ms exceeded.
  name='TimeoutError
  stack='TimeoutError: Timeout 4000ms exceeded.
    at ProgressController.run (/private/var/folders/dt/_q7cs02x0hjbdstmjkpmhd1m0000gn/T/playwright-java-1542147599999229010/package/lib/server/progress.js:86:28)
    at FrameDispatcher._runCommand (/private/var/folders/dt/_q7cs02x0hjbdstmjkpmhd1m0000gn/T/playwright-java-1542147599999229010/package/lib/server/dispatchers/dispatcher.js:91:31)
    at DispatcherConnection.dispatch (/private/var/folders/dt/_q7cs02x0hjbdstmjkpmhd1m0000gn/T/playwright-java-1542147599999229010/package/lib/server/dispatchers/dispatcher.js:325:39)
}
Call log:
-   - navigating to "https://opensource-demo.orangehrmlive.com/web/index.php/auth/login", waiting until "load"

at com.microsoft.playwright.impl.WaitableResult.get(WaitableResult.java:52)
at com.microsoft.playwright.impl.ChannelOwner.runUntil(ChannelOwner.java:138)
at com.microsoft.playwright.impl.Connection.sendMessage(Connection.java:131)
at com.microsoft.playwright.impl.ChannelOwner.sendMessage(ChannelOwner.java:124)
at com.microsoft.playwright.impl.FrameImpl.navigateImpl(FrameImpl.java:429)
at com.microsoft.playwright.impl.PageImpl.navigate(PageImpl.java:929)
at com.microsoft.playwright.impl.PageImpl.navigate(PageImpl.java:43)
at com.microsoft.playwright.Page.navigate(Page.java:5504)
at tests.LoginTest2.loginTest3(LoginTest2.java:56)
at java.base/jdk.internal.reflect.DirectMethodHandleAccessor.invoke(DirectMethodHandleAccessor.java:103)
at java.base/java.lang.reflect.Method.invoke(Method.java:580)
at org.testng.internal.invokers.MethodInvocationHelper.invokeMethod(MethodInvocationHelper.java:141)
at org.testng.internal.invokers.TestInvoker.invokeMethod(TestInvoker.java:697)
at org.testng.internal.invokers.TestInvoker.invokeTestMethod(TestInvoker.java:230)
at org.testng.internal.invokers.MethodRunner.runInSequence(MethodRunner.java:63)
at org.testng.internal.invokers.TestInvoker$MethodInvocationAgent.invoke(TestInvoker.java:1005)
at org.testng.internal.invokers.TestInvoker.invokeTestMethods(TestInvoker.java:203)
at org.testng.internal.invokers.TestMethodWorker.invokeTestMethods(TestMethodWorker.java:154)
at org.testng.internal.invokers.TestMethodWorker.run(TestMethodWorker.java:134)
at java.base/java.util.ArrayList.forEach(ArrayList.java:1596)
at org.testng.TestRunner.privateRun(TestRunner.java:744)
at org.testng.TestRunner.run(TestRunner.java:616)
at org.testng.SuiteRunner.runTest(SuiteRunner.java:421)
at org.testng.SuiteRunner.runSequentially(SuiteRunner.java:413)
at org.testng.SuiteRunner.privateRun(SuiteRunner.java:373)
at org.testng.SuiteRunner.run(SuiteRunner.java:312)
at org.testng.SuiteRunnerWorker.runSuite(SuiteRunnerWorker.java:52)
at org.testng.SuiteRunnerWorker.run(SuiteRunnerWorker.java:95)
at org.testng.TestNG.runSuitesSequentially(TestNG.java:1274)
at org.testng.TestNG.runSuitesLocally(TestNG.java:1208)
at org.testng.TestNG.runSuites(TestNG.java:1112)
at org.testng.TestNG.run(TestNG.java:1079)
at org.testng.remote.AbstractRemoteTestNG.run(AbstractRemoteTestNG.java:115)
at org.testng.remote.RemoteTestNG.initAndRun(RemoteTestNG.java:293)
at org.testng.remote.RemoteTestNG.main(RemoteTestNG.java:91)
Caused by: com.microsoft.playwright.TimeoutError: Error {
  message='Timeout 4000ms exceeded.
  name='TimeoutError
  stack='TimeoutError: Timeout 4000ms exceeded.
    at ProgressController.run (/private/var/folders/dt/_q7cs02x0hjbdstmjkpmhd1m0000gn/T/playwright-java-1542147599999229010/package/lib/server/progress.js:86:28)
    at FrameDispatcher._runCommand (/private/var/folders/dt/_q7cs02x0hjbdstmjkpmhd1m0000gn/T/playwright-java-1542147599999229010/package/lib/server/dispatchers/dispatcher.js:91:31)
    at DispatcherConnection.dispatch (/private/var/folders/dt/_q7cs02x0hjbdstmjkpmhd1m0000gn/T/playwright-java-1542147599999229010/package/lib/server/dispatchers/dispatcher.js:325:39)
}
Call log:
-   - navigating to "https://opensource-demo.orangehrmlive.com/web/index.php/auth/login", waiting until "load"

at com.microsoft.playwright.impl.Connection.dispatch(Connection.java:257)
at com.microsoft.playwright.impl.Connection.processOneMessage(Connection.java:214)
at com.microsoft.playwright.impl.ChannelOwner.runUntil(ChannelOwner.java:136)
... 33 more
]]>
            </full-stacktrace>
          </exception> <!-- com.microsoft.playwright.TimeoutError -->
          <reporter-output>
          </reporter-output>
        </test-method> <!-- loginTest3 -->
        <test-method is-config="true" signature="testdown(org.testng.ITestResult)[pri:0, instance:tests.LoginTest2@5af3afd9]" started-at="2026-02-19T12:37:49 IST" name="testdown" finished-at="2026-02-19T12:37:51 IST" duration-ms="2019" status="PASS">
          <params>
            <param index="0">
              <value>
                <![CDATA[[TestResult name=loginTest3 status=FAILURE method=LoginTest2.loginTest3()[pri:0, instance:tests.LoginTest2@5af3afd9] output={null}]]]>
              </value>
            </param>
          </params>
          <reporter-output>
          </reporter-output>
        </test-method> <!-- testdown -->
      </class> <!-- tests.LoginTest2 -->
    </test> <!-- Default test -->
  </suite> <!-- Default suite -->
</testng-results>
