<?xml version="1.0" encoding="UTF-8"?>
<testng-results ignored="0" total="1" passed="1" failed="0" skipped="0">
  <reporter-output>
  </reporter-output>
  <suite started-at="2026-02-22T21:02:33 IST" name="Default suite" finished-at="2026-02-22T21:03:02 IST" duration-ms="28917">
    <groups>
    </groups>
    <test started-at="2026-02-22T21:02:33 IST" name="Default test" finished-at="2026-02-22T21:03:02 IST" duration-ms="28917">
      <class name="tests.LocatorsDemo">
        <test-method is-config="true" signature="setup(java.lang.reflect.Method)[pri:0, instance:tests.LocatorsDemo@3bb9a3ff]" started-at="2026-02-22T21:02:33 IST" name="setup" finished-at="2026-02-22T21:02:37 IST" duration-ms="4155" status="PASS">
          <params>
            <param index="0">
              <value>
                <![CDATA[public void tests.LocatorsDemo.testAllLocators()]]>
              </value>
            </param>
          </params>
          <reporter-output>
          </reporter-output>
        </test-method> <!-- setup -->
        <test-method signature="testAllLocators()[pri:0, instance:tests.LocatorsDemo@3bb9a3ff]" started-at="2026-02-22T21:02:37 IST" name="testAllLocators" finished-at="2026-02-22T21:03:02 IST" duration-ms="24516" status="PASS">
          <reporter-output>
          </reporter-output>
        </test-method> <!-- testAllLocators -->
        <test-method is-config="true" signature="testdown(org.testng.ITestResult)[pri:0, instance:tests.LocatorsDemo@3bb9a3ff]" started-at="2026-02-22T21:03:02 IST" name="testdown" finished-at="2026-02-22T21:03:02 IST" duration-ms="221" status="PASS">
          <params>
            <param index="0">
              <value>
                <![CDATA[[TestResult name=testAllLocators status=SUCCESS method=LocatorsDemo.testAllLocators()[pri:0, instance:tests.LocatorsDemo@3bb9a3ff] output={null}]]]>
              </value>
            </param>
          </params>
          <reporter-output>
          </reporter-output>
        </test-method> <!-- testdown -->
      </class> <!-- tests.LocatorsDemo -->
    </test> <!-- Default test -->
  </suite> <!-- Default suite -->
</testng-results>
